  main.cpp
C:\Program Files\Microsoft Visual Studio\2022\Community\VC\Tools\MSVC\14.37.32822\include\thread(55,14): error C2672: 'invoke': 일치하는 오버로드된 함수가 없습니다.
C:\Program Files\Microsoft Visual Studio\2022\Community\VC\Tools\MSVC\14.37.32822\include\type_traits(1756,19): message : 'unknown-type std::invoke(_Callable &&,_Ty1 &&,_Types2 &&...) noexcept(<expr>)'일 수 있습니다.
C:\Program Files\Microsoft Visual Studio\2022\Community\VC\Tools\MSVC\14.37.32822\include\thread(55,14): message : 'unknown-type std::invoke(_Callable &&,_Ty1 &&,_Types2 &&...) noexcept(<expr>)': 3개의 인수가 필요합니다. 1개가 제공되었습니다.
C:\Program Files\Microsoft Visual Studio\2022\Community\VC\Tools\MSVC\14.37.32822\include\type_traits(1750,19): message : 또는       'unknown-type std::invoke(_Callable &&) noexcept(<expr>)'
C:\Program Files\Microsoft Visual Studio\2022\Community\VC\Tools\MSVC\14.37.32822\include\thread(55,14): message : 함수 템플릿 'unknown-type std::invoke(_Callable &&) noexcept(<expr>)'을(를) 특수화하지 못했습니다.
C:\Program Files\Microsoft Visual Studio\2022\Community\VC\Tools\MSVC\14.37.32822\include\thread(55,14): message : 다음 템플릿 인수 사용:
C:\Program Files\Microsoft Visual Studio\2022\Community\VC\Tools\MSVC\14.37.32822\include\thread(55,14): message : '_Callable=int (__cdecl *)(int)'
C:\Program Files\Microsoft Visual Studio\2022\Community\VC\Tools\MSVC\14.37.32822\include\type_traits(1751,47): message : '_Callable': 호출에 인수가 너무 적습니다.
          with
          [
              _Callable=int (__cdecl *)(int)
          ]
C:\Program Files\Microsoft Visual Studio\2022\Community\VC\Tools\MSVC\14.37.32822\include\thread(62,17): message : 컴파일되는 함수 템플릿 인스턴스화 'unsigned int std::thread::_Invoke<_Tuple,0>(void *) noexcept'에 대한 참조를 확인하세요.
C:\Program Files\Microsoft Visual Studio\2022\Community\VC\Tools\MSVC\14.37.32822\include\thread(71,40): message : 컴파일되는 함수 템플릿 인스턴스화 'unsigned int (__cdecl *std::thread::_Get_invoke<_Tuple,0>(std::integer_sequence<size_t,0>) noexcept)(void *)'에 대한 참조를 확인하세요.
C:\Program Files\Microsoft Visual Studio\2022\Community\VC\Tools\MSVC\14.37.32822\include\thread(88,9): message : 컴파일되는 함수 템플릿 인스턴스화 'void std::thread::_Start<int(__cdecl &)(int),>(_Fn)'에 대한 참조를 확인하세요.
          with
          [
              _Fn=int (__cdecl &)(int)
          ]
C:\Homework\ComputerSoftwear\3week-ComboAttack\main.cpp(103,21): message : 컴파일되는 함수 템플릿 인스턴스화 'std::thread::thread<int(__cdecl &)(int),,0>(_Fn)'에 대한 참조를 확인하세요.
          with
          [
              _Fn=int (__cdecl &)(int)
          ]
